/projects/slin_prj/PubMed_Experiment/random_100_pubmed_repeats/GraphLab_Outputs/term_binary/10.binary.matrix.svd/out.1500.U.1_of_1
/projects/slin_prj/PubMed_Experiment/random_100_pubmed_repeats/GraphLab_Outputs/term_binary/10.binary.matrix.svd/out.1500.log
/projects/slin_prj/PubMed_Experiment/random_100_pubmed_repeats/all_abstracts/random_pmids_10.neighbors.all
10
20
30
40
50
60
70
80
90
100
110
120
130
140
150
160
170
180
190
200
210
220
230
240
250
260
270
280
290
300
310
320
330
340
350
360
370
380
390
400
410
420
430
440
450
460
470
480
490
500
550
600
650
700
750
800
850
900
950
1000
1050
1100
1150
1200
1250
1300
1350
1400
1450
1500
/projects/slin_prj/PubMed_Experiment/random_100_pubmed_repeats/GraphLab_Outputs/term_binary/12.binary.matrix.svd/out.1500.U.1_of_1
/projects/slin_prj/PubMed_Experiment/random_100_pubmed_repeats/GraphLab_Outputs/term_binary/12.binary.matrix.svd/out.1500.log
/projects/slin_prj/PubMed_Experiment/random_100_pubmed_repeats/all_abstracts/random_pmids_12.neighbors.all
10
20
30
40
50
60
70
80
90
100
110
120
130
140
150
160
170
180
190
200
210
220
230
240
250
260
270
280
290
300
310
320
330
340
350
360
370
380
390
400
410
420
430
440
450
460
470
480
490
500
550
600
650
700
750
800
850
900
950
1000
1050
1100
1150
1200
1250
1300
1350
1400
1450
1500
/projects/slin_prj/PubMed_Experiment/random_100_pubmed_repeats/GraphLab_Outputs/term_binary/13.binary.matrix.svd/out.1500.U.1_of_1
/projects/slin_prj/PubMed_Experiment/random_100_pubmed_repeats/GraphLab_Outputs/term_binary/13.binary.matrix.svd/out.1500.log
/projects/slin_prj/PubMed_Experiment/random_100_pubmed_repeats/all_abstracts/random_pmids_13.neighbors.all
10
20
30
40
50
60
70
80
90
100
110
120
130
140
150
160
170
180
190
200
210
220
230
240
250
260
270
280
290
300
310
320
330
340
350
360
370
380
390
400
410
420
430
440
450
460
470
480
490
500
550
600
650
700
750
800
850
900
950
1000
1050
1100
1150
1200
1250
1300
1350
1400
1450
1500
/projects/slin_prj/PubMed_Experiment/random_100_pubmed_repeats/GraphLab_Outputs/term_binary/14.binary.matrix.svd/out.1500.U.1_of_1
/projects/slin_prj/PubMed_Experiment/random_100_pubmed_repeats/GraphLab_Outputs/term_binary/14.binary.matrix.svd/out.1500.log
/projects/slin_prj/PubMed_Experiment/random_100_pubmed_repeats/all_abstracts/random_pmids_14.neighbors.all
10
20
30
40
50
60
70
80
90
100
110
120
130
140
150
160
170
180
190
200
210
220
230
240
250
260
270
280
290
300
310
320
330
340
350
360
370
380
390
400
410
420
430
440
450
460
470
480
490
500
550
600
650
700
750
800
850
900
950
1000
1050
1100
1150
1200
1250
1300
1350
1400
1450
1500
/projects/slin_prj/PubMed_Experiment/random_100_pubmed_repeats/GraphLab_Outputs/term_binary/15.binary.matrix.svd/out.1500.U.1_of_1
/projects/slin_prj/PubMed_Experiment/random_100_pubmed_repeats/GraphLab_Outputs/term_binary/15.binary.matrix.svd/out.1500.log
/projects/slin_prj/PubMed_Experiment/random_100_pubmed_repeats/all_abstracts/random_pmids_15.neighbors.all
10
20
30
40
50
60
70
80
90
100
110
120
130
140
150
160
170
180
190
200
210
220
230
240
250
260
270
280
290
300
310
320
330
340
350
360
370
380
390
400
410
420
430
440
450
460
470
480
490
500
550
600
650
700
750
800
850
900
950
1000
1050
1100
1150
1200
1250
1300
1350
1400
1450
1500
/projects/slin_prj/PubMed_Experiment/random_100_pubmed_repeats/GraphLab_Outputs/term_binary/16.binary.matrix.svd/out.1500.U.1_of_1
/projects/slin_prj/PubMed_Experiment/random_100_pubmed_repeats/GraphLab_Outputs/term_binary/16.binary.matrix.svd/out.1500.log
/projects/slin_prj/PubMed_Experiment/random_100_pubmed_repeats/all_abstracts/random_pmids_16.neighbors.all
10
20
30
40
50
60
70
80
90
100
110
120
130
140
150
160
170
180
190
200
210
220
230
240
250
260
270
280
290
300
310
320
330
340
350
360
370
380
390
400
410
420
430
440
450
460
470
480
490
500
550
600
650
700
750
800
850
900
950
1000
1050
1100
1150
1200
1250
1300
1350
1400
1450
1500
/projects/slin_prj/PubMed_Experiment/random_100_pubmed_repeats/GraphLab_Outputs/term_binary/17.binary.matrix.svd/out.1500.U.1_of_1
/projects/slin_prj/PubMed_Experiment/random_100_pubmed_repeats/GraphLab_Outputs/term_binary/17.binary.matrix.svd/out.1500.log
/projects/slin_prj/PubMed_Experiment/random_100_pubmed_repeats/all_abstracts/random_pmids_17.neighbors.all
10
20
30
40
50
60
70
80
90
100
110
120
130
140
150
160
170
180
190
200
210
220
230
240
250
260
270
280
290
300
310
320
330
340
350
360
370
380
390
400
410
420
430
440
450
460
470
480
490
500
550
600
650
700
750
800
850
900
950
1000
1050
1100
1150
1200
1250
1300
1350
1400
1450
1500
/projects/slin_prj/PubMed_Experiment/random_100_pubmed_repeats/GraphLab_Outputs/term_binary/19.binary.matrix.svd/out.1500.U.1_of_1
/projects/slin_prj/PubMed_Experiment/random_100_pubmed_repeats/GraphLab_Outputs/term_binary/19.binary.matrix.svd/out.1500.log
/projects/slin_prj/PubMed_Experiment/random_100_pubmed_repeats/all_abstracts/random_pmids_19.neighbors.all
10
20
30
40
50
60
70
80
90
100
110
120
130
140
150
160
170
180
190
200
210
220
230
240
250
260
270
280
290
300
310
320
330
340
350
360
370
380
390
400
410
420
430
440
450
460
470
480
490
500
550
600
650
700
750
800
850
900
950
1000
1050
1100
1150
1200
1250
1300
1350
1400
1450
1500
/projects/slin_prj/PubMed_Experiment/random_100_pubmed_repeats/GraphLab_Outputs/term_binary/1.binary.matrix.svd/out.1500.U.1_of_1
/projects/slin_prj/PubMed_Experiment/random_100_pubmed_repeats/GraphLab_Outputs/term_binary/1.binary.matrix.svd/out.1500.log
/projects/slin_prj/PubMed_Experiment/random_100_pubmed_repeats/all_abstracts/random_pmids_1.neighbors.all
10
20
30
40
50
60
70
80
90
100
110
120
130
140
150
160
170
180
190
200
210
220
230
240
250
260
270
280
290
300
310
320
330
340
350
360
370
380
390
400
410
420
430
440
450
460
470
480
490
500
550
600
650
700
750
800
850
900
950
1000
1050
1100
1150
1200
1250
1300
1350
1400
1450
1500
/projects/slin_prj/PubMed_Experiment/random_100_pubmed_repeats/GraphLab_Outputs/term_binary/20.binary.matrix.svd/out.1500.U.1_of_1
/projects/slin_prj/PubMed_Experiment/random_100_pubmed_repeats/GraphLab_Outputs/term_binary/20.binary.matrix.svd/out.1500.log
/projects/slin_prj/PubMed_Experiment/random_100_pubmed_repeats/all_abstracts/random_pmids_20.neighbors.all
10
20
30
40
50
60
70
80
90
100
110
120
130
140
150
160
170
180
190
200
210
220
230
240
250
260
270
280
290
300
310
320
330
340
350
360
370
380
390
400
410
420
430
440
450
460
470
480
490
500
550
600
650
700
750
800
850
900
950
1000
1050
1100
1150
1200
1250
1300
1350
1400
1450
1500
/projects/slin_prj/PubMed_Experiment/random_100_pubmed_repeats/GraphLab_Outputs/term_binary/21.binary.matrix.svd/out.1500.U.1_of_1
/projects/slin_prj/PubMed_Experiment/random_100_pubmed_repeats/GraphLab_Outputs/term_binary/21.binary.matrix.svd/out.1500.log
/projects/slin_prj/PubMed_Experiment/random_100_pubmed_repeats/all_abstracts/random_pmids_21.neighbors.all
10
20
30
40
50
60
70
80
90
100
110
120
130
140
150
160
170
180
190
200
210
220
230
240
250
260
270
280
290
300
310
320
330
340
350
360
370
380
390
400
410
420
430
440
450
460
470
480
490
500
550
600
650
700
750
800
850
900
950
1000
1050
1100
1150
1200
1250
1300
1350
1400
1450
1500
/projects/slin_prj/PubMed_Experiment/random_100_pubmed_repeats/GraphLab_Outputs/term_binary/22.binary.matrix.svd/out.1500.U.1_of_1
/projects/slin_prj/PubMed_Experiment/random_100_pubmed_repeats/GraphLab_Outputs/term_binary/22.binary.matrix.svd/out.1500.log
/projects/slin_prj/PubMed_Experiment/random_100_pubmed_repeats/all_abstracts/random_pmids_22.neighbors.all
10
20
30
40
50
60
70
80
90
100
110
120
130
140
150
160
170
180
190
200
210
220
230
240
250
260
270
280
290
300
310
320
330
340
350
360
370
380
390
400
410
420
430
440
450
460
470
480
490
500
550
600
650
700
750
800
850
900
950
1000
1050
1100
1150
1200
1250
1300
1350
1400
1450
1500
/projects/slin_prj/PubMed_Experiment/random_100_pubmed_repeats/GraphLab_Outputs/term_binary/23.binary.matrix.svd/out.1500.U.1_of_1
/projects/slin_prj/PubMed_Experiment/random_100_pubmed_repeats/GraphLab_Outputs/term_binary/23.binary.matrix.svd/out.1500.log
/projects/slin_prj/PubMed_Experiment/random_100_pubmed_repeats/all_abstracts/random_pmids_23.neighbors.all
10
20
30
40
50
60
70
80
90
100
110
120
130
140
150
160
170
180
190
200
210
220
230
240
250
260
270
280
290
300
310
320
330
340
350
360
370
380
390
400
410
420
430
440
450
460
470
480
490
500
550
600
650
700
750
800
850
900
950
1000
1050
1100
1150
1200
1250
1300
1350
1400
1450
1500
/projects/slin_prj/PubMed_Experiment/random_100_pubmed_repeats/GraphLab_Outputs/term_binary/25.binary.matrix.svd/out.1500.U.1_of_1
/projects/slin_prj/PubMed_Experiment/random_100_pubmed_repeats/GraphLab_Outputs/term_binary/25.binary.matrix.svd/out.1500.log
/projects/slin_prj/PubMed_Experiment/random_100_pubmed_repeats/all_abstracts/random_pmids_25.neighbors.all
10
20
30
40
50
60
70
80
90
100
110
120
130
140
150
160
170
180
190
200
210
220
230
240
250
260
270
280
290
300
310
320
330
340
350
360
370
380
390
400
410
420
430
440
450
460
470
480
490
500
550
600
650
700
750
800
850
900
950
1000
1050
1100
1150
1200
1250
1300
1350
1400
1450
1500
/projects/slin_prj/PubMed_Experiment/random_100_pubmed_repeats/GraphLab_Outputs/term_binary/26.binary.matrix.svd/out.1500.U.1_of_1
/projects/slin_prj/PubMed_Experiment/random_100_pubmed_repeats/GraphLab_Outputs/term_binary/26.binary.matrix.svd/out.1500.log
/projects/slin_prj/PubMed_Experiment/random_100_pubmed_repeats/all_abstracts/random_pmids_26.neighbors.all
10
20
30
40
50
60
70
80
90
100
110
120
130
140
150
160
170
180
190
200
210
220
230
240
250
260
270
280
290
300
310
320
330
340
350
360
370
380
390
400
410
420
430
440
450
460
470
480
490
500
550
600
650
700
750
800
850
900
950
1000
1050
1100
1150
1200
1250
1300
1350
1400
1450
1500
/projects/slin_prj/PubMed_Experiment/random_100_pubmed_repeats/GraphLab_Outputs/term_binary/27.binary.matrix.svd/out.1500.U.1_of_1
/projects/slin_prj/PubMed_Experiment/random_100_pubmed_repeats/GraphLab_Outputs/term_binary/27.binary.matrix.svd/out.1500.log
/projects/slin_prj/PubMed_Experiment/random_100_pubmed_repeats/all_abstracts/random_pmids_27.neighbors.all
10
20
30
40
50
60
70
80
90
100
110
120
130
140
150
160
170
180
190
200
210
220
230
240
250
260
270
280
290
300
310
320
330
340
350
360
370
380
390
400
410
420
430
440
450
460
470
480
490
500
550
600
650
700
750
800
850
900
950
1000
1050
1100
1150
1200
1250
1300
1350
1400
1450
1500
/projects/slin_prj/PubMed_Experiment/random_100_pubmed_repeats/GraphLab_Outputs/term_binary/28.binary.matrix.svd/out.1500.U.1_of_1
/projects/slin_prj/PubMed_Experiment/random_100_pubmed_repeats/GraphLab_Outputs/term_binary/28.binary.matrix.svd/out.1500.log
/projects/slin_prj/PubMed_Experiment/random_100_pubmed_repeats/all_abstracts/random_pmids_28.neighbors.all
10
20
30
40
50
60
70
80
90
100
110
120
130
140
150
160
170
180
190
200
210
220
230
240
250
260
270
280
290
300
310
320
330
340
350
360
370
380
390
400
410
420
430
440
450
460
470
480
490
500
550
600
650
700
750
800
850
900
950
1000
1050
1100
1150
1200
1250
1300
1350
1400
1450
1500
/projects/slin_prj/PubMed_Experiment/random_100_pubmed_repeats/GraphLab_Outputs/term_binary/29.binary.matrix.svd/out.1500.U.1_of_1
/projects/slin_prj/PubMed_Experiment/random_100_pubmed_repeats/GraphLab_Outputs/term_binary/29.binary.matrix.svd/out.1500.log
/projects/slin_prj/PubMed_Experiment/random_100_pubmed_repeats/all_abstracts/random_pmids_29.neighbors.all
10
20
30
40
50
60
70
80
90
100
110
120
130
140
150
160
170
180
190
200
210
220
230
240
250
260
270
280
290
300
310
320
330
340
350
360
370
380
390
400
410
420
430
440
450
460
470
480
490
500
550
600
650
700
750
800
850
900
950
1000
1050
1100
1150
1200
1250
1300
1350
1400
1450
1500
/projects/slin_prj/PubMed_Experiment/random_100_pubmed_repeats/GraphLab_Outputs/term_binary/2.binary.matrix.svd/out.1500.U.1_of_1
/projects/slin_prj/PubMed_Experiment/random_100_pubmed_repeats/GraphLab_Outputs/term_binary/2.binary.matrix.svd/out.1500.log
/projects/slin_prj/PubMed_Experiment/random_100_pubmed_repeats/all_abstracts/random_pmids_2.neighbors.all
10
20
30
40
50
60
70
80
90
100
110
120
130
140
150
160
170
180
190
200
210
220
230
240
250
260
270
280
290
300
310
320
330
340
350
360
370
380
390
400
410
420
430
440
450
460
470
480
490
500
550
600
650
700
750
800
850
900
950
1000
1050
1100
1150
1200
1250
1300
1350
1400
1450
1500
/projects/slin_prj/PubMed_Experiment/random_100_pubmed_repeats/GraphLab_Outputs/term_binary/30.binary.matrix.svd/out.1500.U.1_of_1
/projects/slin_prj/PubMed_Experiment/random_100_pubmed_repeats/GraphLab_Outputs/term_binary/30.binary.matrix.svd/out.1500.log
/projects/slin_prj/PubMed_Experiment/random_100_pubmed_repeats/all_abstracts/random_pmids_30.neighbors.all
10
20
30
40
50
60
70
80
90
100
110
120
130
140
150
160
170
180
190
200
210
220
230
240
250
260
270
280
290
300
310
320
330
340
350
360
370
380
390
400
410
420
430
440
450
460
470
480
490
500
550
600
650
700
750
800
850
900
950
1000
1050
1100
1150
1200
1250
1300
1350
1400
1450
1500
/projects/slin_prj/PubMed_Experiment/random_100_pubmed_repeats/GraphLab_Outputs/term_binary/31.binary.matrix.svd/out.1500.U.1_of_1
/projects/slin_prj/PubMed_Experiment/random_100_pubmed_repeats/GraphLab_Outputs/term_binary/31.binary.matrix.svd/out.1500.log
/projects/slin_prj/PubMed_Experiment/random_100_pubmed_repeats/all_abstracts/random_pmids_31.neighbors.all
10
20
30
40
50
60
70
80
90
100
110
120
130
140
150
160
170
180
190
200
210
220
230
240
250
260
270
280
290
300
310
320
330
340
350
360
370
380
390
400
410
420
430
440
450
460
470
480
490
500
550
600
650
700
750
800
850
900
950
1000
1050
1100
1150
1200
1250
1300
1350
1400
1450
1500
/projects/slin_prj/PubMed_Experiment/random_100_pubmed_repeats/GraphLab_Outputs/term_binary/32.binary.matrix.svd/out.1500.U.1_of_1
/projects/slin_prj/PubMed_Experiment/random_100_pubmed_repeats/GraphLab_Outputs/term_binary/32.binary.matrix.svd/out.1500.log
/projects/slin_prj/PubMed_Experiment/random_100_pubmed_repeats/all_abstracts/random_pmids_32.neighbors.all
10
20
30
40
50
60
70
80
90
100
110
120
130
140
150
160
170
180
190
200
210
220
230
240
250
260
270
280
290
300
310
320
330
340
350
360
370
380
390
400
410
420
430
440
450
460
470
480
490
500
550
600
650
700
750
800
850
900
950
1000
1050
1100
1150
1200
1250
1300
1350
1400
1450
1500
/projects/slin_prj/PubMed_Experiment/random_100_pubmed_repeats/GraphLab_Outputs/term_binary/33.binary.matrix.svd/out.1500.U.1_of_1
/projects/slin_prj/PubMed_Experiment/random_100_pubmed_repeats/GraphLab_Outputs/term_binary/33.binary.matrix.svd/out.1500.log
/projects/slin_prj/PubMed_Experiment/random_100_pubmed_repeats/all_abstracts/random_pmids_33.neighbors.all
10
20
30
40
50
60
70
80
90
100
110
120
130
140
150
160
170
180
190
200
210
220
230
240
250
260
270
280
290
300
310
320
330
340
350
360
370
380
390
400
410
420
430
440
450
460
470
480
490
500
550
600
650
700
750
800
850
900
950
1000
1050
1100
1150
1200
1250
1300
1350
1400
1450
1500
/projects/slin_prj/PubMed_Experiment/random_100_pubmed_repeats/GraphLab_Outputs/term_binary/36.binary.matrix.svd/out.1500.U.1_of_1
/projects/slin_prj/PubMed_Experiment/random_100_pubmed_repeats/GraphLab_Outputs/term_binary/36.binary.matrix.svd/out.1500.log
/projects/slin_prj/PubMed_Experiment/random_100_pubmed_repeats/all_abstracts/random_pmids_36.neighbors.all
10
20
30
40
50
60
70
80
90
100
110
120
130
140
150
160
170
180
190
200
210
220
230
240
250
260
270
280
290
300
310
320
330
340
350
360
370
380
390
400
410
420
430
440
450
460
470
480
490
500
550
600
650
700
750
800
850
900
950
1000
1050
1100
1150
1200
1250
1300
1350
1400
1450
1500
/projects/slin_prj/PubMed_Experiment/random_100_pubmed_repeats/GraphLab_Outputs/term_binary/37.binary.matrix.svd/out.1500.U.1_of_1
/projects/slin_prj/PubMed_Experiment/random_100_pubmed_repeats/GraphLab_Outputs/term_binary/37.binary.matrix.svd/out.1500.log
/projects/slin_prj/PubMed_Experiment/random_100_pubmed_repeats/all_abstracts/random_pmids_37.neighbors.all
10
20
30
40
50
60
70
80
90
100
110
120
130
140
150
160
170
180
190
200
210
220
230
240
250
260
270
280
290
300
310
320
330
340
350
360
370
380
390
400
410
420
430
440
450
460
470
480
490
500
550
600
650
700
750
800
850
900
950
1000
1050
1100
1150
1200
1250
1300
1350
1400
1450
1500
/projects/slin_prj/PubMed_Experiment/random_100_pubmed_repeats/GraphLab_Outputs/term_binary/38.binary.matrix.svd/out.1500.U.1_of_1
/projects/slin_prj/PubMed_Experiment/random_100_pubmed_repeats/GraphLab_Outputs/term_binary/38.binary.matrix.svd/out.1500.log
/projects/slin_prj/PubMed_Experiment/random_100_pubmed_repeats/all_abstracts/random_pmids_38.neighbors.all
10
20
30
40
50
60
70
80
90
100
110
120
130
140
150
160
170
180
190
200
210
220
230
240
250
260
270
280
290
300
310
320
330
340
350
360
370
380
390
400
410
420
430
440
450
460
470
480
490
500
550
600
650
700
750
800
850
900
950
1000
1050
1100
1150
1200
1250
1300
1350
1400
1450
1500
/projects/slin_prj/PubMed_Experiment/random_100_pubmed_repeats/GraphLab_Outputs/term_binary/39.binary.matrix.svd/out.1500.U.1_of_1
/projects/slin_prj/PubMed_Experiment/random_100_pubmed_repeats/GraphLab_Outputs/term_binary/39.binary.matrix.svd/out.1500.log
/projects/slin_prj/PubMed_Experiment/random_100_pubmed_repeats/all_abstracts/random_pmids_39.neighbors.all
10
20
30
40
50
60
70
80
90
100
110
120
130
140
150
160
170
180
190
200
210
220
230
240
250
260
270
280
290
300
310
320
330
340
350
360
370
380
390
400
410
420
430
440
450
460
470
480
490
500
550
600
650
700
750
800
850
900
950
1000
1050
1100
1150
1200
1250
1300
1350
1400
1450
1500
/projects/slin_prj/PubMed_Experiment/random_100_pubmed_repeats/GraphLab_Outputs/term_binary/3.binary.matrix.svd/out.1500.U.1_of_1
/projects/slin_prj/PubMed_Experiment/random_100_pubmed_repeats/GraphLab_Outputs/term_binary/3.binary.matrix.svd/out.1500.log
/projects/slin_prj/PubMed_Experiment/random_100_pubmed_repeats/all_abstracts/random_pmids_3.neighbors.all
10
20
30
40
50
60
70
80
90
100
110
120
130
140
150
160
170
180
190
200
210
220
230
240
250
260
270
280
290
300
310
320
330
340
350
360
370
380
390
400
410
420
430
440
450
460
470
480
490
500
550
600
650
700
750
800
850
900
950
1000
1050
1100
1150
1200
1250
1300
1350
1400
1450
1500
/projects/slin_prj/PubMed_Experiment/random_100_pubmed_repeats/GraphLab_Outputs/term_binary/40.binary.matrix.svd/out.1500.U.1_of_1
/projects/slin_prj/PubMed_Experiment/random_100_pubmed_repeats/GraphLab_Outputs/term_binary/40.binary.matrix.svd/out.1500.log
/projects/slin_prj/PubMed_Experiment/random_100_pubmed_repeats/all_abstracts/random_pmids_40.neighbors.all
10
20
30
40
50
60
70
80
90
100
110
120
130
140
150
160
170
180
190
200
210
220
230
240
250
260
270
280
290
300
310
320
330
340
350
360
370
380
390
400
410
420
430
440
450
460
470
480
490
500
550
600
650
700
750
800
850
900
950
1000
1050
1100
1150
1200
1250
1300
1350
1400
1450
1500
/projects/slin_prj/PubMed_Experiment/random_100_pubmed_repeats/GraphLab_Outputs/term_binary/41.binary.matrix.svd/out.1500.U.1_of_1
/projects/slin_prj/PubMed_Experiment/random_100_pubmed_repeats/GraphLab_Outputs/term_binary/41.binary.matrix.svd/out.1500.log
/projects/slin_prj/PubMed_Experiment/random_100_pubmed_repeats/all_abstracts/random_pmids_41.neighbors.all
10
20
30
40
50
60
70
80
90
100
110
120
130
140
150
160
170
180
190
200
210
220
230
240
250
260
270
280
290
300
310
320
330
340
350
360
370
380
390
400
410
420
430
440
450
460
470
480
490
500
550
600
650
700
750
800
850
900
950
1000
1050
1100
1150
1200
1250
1300
1350
1400
1450
1500
/projects/slin_prj/PubMed_Experiment/random_100_pubmed_repeats/GraphLab_Outputs/term_binary/42.binary.matrix.svd/out.1500.U.1_of_1
/projects/slin_prj/PubMed_Experiment/random_100_pubmed_repeats/GraphLab_Outputs/term_binary/42.binary.matrix.svd/out.1500.log
/projects/slin_prj/PubMed_Experiment/random_100_pubmed_repeats/all_abstracts/random_pmids_42.neighbors.all
10
20
30
40
50
60
70
80
90
100
110
120
130
140
150
160
170
180
190
200
210
220
230
240
250
260
270
280
290
300
310
320
330
340
350
360
370
380
390
400
410
420
430
440
450
460
470
480
490
500
550
600
650
700
750
800
850
900
950
1000
1050
1100
1150
1200
1250
1300
1350
1400
1450
1500
/projects/slin_prj/PubMed_Experiment/random_100_pubmed_repeats/GraphLab_Outputs/term_binary/43.binary.matrix.svd/out.1500.U.1_of_1
/projects/slin_prj/PubMed_Experiment/random_100_pubmed_repeats/GraphLab_Outputs/term_binary/43.binary.matrix.svd/out.1500.log
/projects/slin_prj/PubMed_Experiment/random_100_pubmed_repeats/all_abstracts/random_pmids_43.neighbors.all
10
20
30
40
50
60
70
80
90
100
110
120
130
140
150
160
170
180
190
200
210
220
230
240
250
260
270
280
290
300
310
320
330
340
350
360
370
380
390
400
410
420
430
440
450
460
470
480
490
500
550
600
650
700
750
800
850
900
950
1000
1050
1100
1150
1200
1250
1300
1350
1400
1450
1500
/projects/slin_prj/PubMed_Experiment/random_100_pubmed_repeats/GraphLab_Outputs/term_binary/44.binary.matrix.svd/out.1500.U.1_of_1
/projects/slin_prj/PubMed_Experiment/random_100_pubmed_repeats/GraphLab_Outputs/term_binary/44.binary.matrix.svd/out.1500.log
/projects/slin_prj/PubMed_Experiment/random_100_pubmed_repeats/all_abstracts/random_pmids_44.neighbors.all
10
20
30
40
50
60
70
80
90
100
110
120
130
140
150
160
170
180
190
200
210
220
230
240
250
260
270
280
290
300
310
320
330
340
350
360
370
380
390
400
410
420
430
440
450
460
470
480
490
500
550
600
650
700
750
800
850
900
950
1000
1050
1100
1150
1200
1250
1300
1350
1400
1450
1500
/projects/slin_prj/PubMed_Experiment/random_100_pubmed_repeats/GraphLab_Outputs/term_binary/45.binary.matrix.svd/out.1500.U.1_of_1
/projects/slin_prj/PubMed_Experiment/random_100_pubmed_repeats/GraphLab_Outputs/term_binary/45.binary.matrix.svd/out.1500.log
/projects/slin_prj/PubMed_Experiment/random_100_pubmed_repeats/all_abstracts/random_pmids_45.neighbors.all
10
20
30
40
50
60
70
80
90
100
110
120
130
140
150
160
170
180
190
200
210
220
230
240
250
260
270
280
290
300
310
320
330
340
350
360
370
380
390
400
410
420
430
440
450
460
470
480
490
500
550
600
650
700
750
800
850
900
950
1000
1050
1100
1150
1200
1250
1300
1350
1400
1450
1500
/projects/slin_prj/PubMed_Experiment/random_100_pubmed_repeats/GraphLab_Outputs/term_binary/46.binary.matrix.svd/out.1500.U.1_of_1
/projects/slin_prj/PubMed_Experiment/random_100_pubmed_repeats/GraphLab_Outputs/term_binary/46.binary.matrix.svd/out.1500.log
/projects/slin_prj/PubMed_Experiment/random_100_pubmed_repeats/all_abstracts/random_pmids_46.neighbors.all
10
20
30
40
50
60
70
80
90
100
110
120
130
140
150
160
170
180
190
200
210
220
230
240
250
260
270
280
290
300
310
320
330
340
350
360
370
380
390
400
410
420
430
440
450
460
470
480
490
500
550
600
650
700
750
800
850
900
950
1000
1050
1100
1150
1200
1250
1300
1350
1400
1450
1500
/projects/slin_prj/PubMed_Experiment/random_100_pubmed_repeats/GraphLab_Outputs/term_binary/47.binary.matrix.svd/out.1500.U.1_of_1
/projects/slin_prj/PubMed_Experiment/random_100_pubmed_repeats/GraphLab_Outputs/term_binary/47.binary.matrix.svd/out.1500.log
/projects/slin_prj/PubMed_Experiment/random_100_pubmed_repeats/all_abstracts/random_pmids_47.neighbors.all
10
20
30
40
50
60
70
80
90
100
110
120
130
140
150
160
170
180
190
200
210
220
230
240
250
260
270
280
290
300
310
320
330
340
350
360
370
380
390
400
410
420
430
440
450
460
470
480
490
500
550
600
650
700
750
800
850
900
950
1000
1050
1100
1150
1200
1250
1300
1350
1400
1450
1500
/projects/slin_prj/PubMed_Experiment/random_100_pubmed_repeats/GraphLab_Outputs/term_binary/48.binary.matrix.svd/out.1500.U.1_of_1
/projects/slin_prj/PubMed_Experiment/random_100_pubmed_repeats/GraphLab_Outputs/term_binary/48.binary.matrix.svd/out.1500.log
/projects/slin_prj/PubMed_Experiment/random_100_pubmed_repeats/all_abstracts/random_pmids_48.neighbors.all
10
20
30
40
50
60
70
80
90
100
110
120
130
140
150
160
170
180
190
200
210
220
230
240
250
260
270
280
290
300
310
320
330
340
350
360
370
380
390
400
410
420
430
440
450
460
470
480
490
500
550
600
650
700
750
800
850
900
950
1000
1050
1100
1150
1200
1250
1300
1350
1400
1450
1500
/projects/slin_prj/PubMed_Experiment/random_100_pubmed_repeats/GraphLab_Outputs/term_binary/49.binary.matrix.svd/out.1500.U.1_of_1
/projects/slin_prj/PubMed_Experiment/random_100_pubmed_repeats/GraphLab_Outputs/term_binary/49.binary.matrix.svd/out.1500.log
/projects/slin_prj/PubMed_Experiment/random_100_pubmed_repeats/all_abstracts/random_pmids_49.neighbors.all
10
20
30
40
50
60
70
80
90
100
110
120
130
140
150
160
170
180
190
200
210
220
230
240
250
260
270
280
290
300
310
320
330
340
350
360
370
380
390
400
410
420
430
440
450
460
470
480
490
500
550
600
650
700
750
800
850
900
950
1000
1050
1100
1150
1200
1250
1300
1350
1400
1450
1500
/projects/slin_prj/PubMed_Experiment/random_100_pubmed_repeats/GraphLab_Outputs/term_binary/4.binary.matrix.svd/out.1500.U.1_of_1
/projects/slin_prj/PubMed_Experiment/random_100_pubmed_repeats/GraphLab_Outputs/term_binary/4.binary.matrix.svd/out.1500.log
/projects/slin_prj/PubMed_Experiment/random_100_pubmed_repeats/all_abstracts/random_pmids_4.neighbors.all
10
20
30
40
50
60
70
80
90
100
110
120
130
140
150
160
170
180
190
200
210
220
230
240
250
260
270
280
290
300
310
320
330
340
350
360
370
380
390
400
410
420
430
440
450
460
470
480
490
500
550
600
650
700
750
800
850
900
950
1000
1050
1100
1150
1200
1250
1300
1350
1400
1450
1500
/projects/slin_prj/PubMed_Experiment/random_100_pubmed_repeats/GraphLab_Outputs/term_binary/50.binary.matrix.svd/out.1500.U.1_of_1
/projects/slin_prj/PubMed_Experiment/random_100_pubmed_repeats/GraphLab_Outputs/term_binary/50.binary.matrix.svd/out.1500.log
/projects/slin_prj/PubMed_Experiment/random_100_pubmed_repeats/all_abstracts/random_pmids_50.neighbors.all
10
20
30
40
50
60
70
80
90
100
110
120
130
140
150
160
170
180
190
200
210
220
230
240
250
260
270
280
290
300
310
320
330
340
350
360
370
380
390
400
410
420
430
440
450
460
470
480
490
500
550
600
650
700
750
800
850
900
950
1000
1050
1100
1150
1200
1250
1300
1350
1400
1450
1500
/projects/slin_prj/PubMed_Experiment/random_100_pubmed_repeats/GraphLab_Outputs/term_binary/51.binary.matrix.svd/out.1500.U.1_of_1
/projects/slin_prj/PubMed_Experiment/random_100_pubmed_repeats/GraphLab_Outputs/term_binary/51.binary.matrix.svd/out.1500.log
/projects/slin_prj/PubMed_Experiment/random_100_pubmed_repeats/all_abstracts/random_pmids_51.neighbors.all
10
20
30
40
50
60
70
80
90
100
110
120
130
140
150
160
170
180
190
200
210
220
230
240
250
260
270
280
290
300
310
320
330
340
350
360
370
380
390
400
410
420
430
440
450
460
470
480
490
500
550
600
650
700
750
800
850
900
950
1000
1050
1100
1150
1200
1250
1300
1350
1400
1450
1500
/projects/slin_prj/PubMed_Experiment/random_100_pubmed_repeats/GraphLab_Outputs/term_binary/52.binary.matrix.svd/out.1500.U.1_of_1
/projects/slin_prj/PubMed_Experiment/random_100_pubmed_repeats/GraphLab_Outputs/term_binary/52.binary.matrix.svd/out.1500.log
/projects/slin_prj/PubMed_Experiment/random_100_pubmed_repeats/all_abstracts/random_pmids_52.neighbors.all
10
20
30
40
50
60
70
80
90
100
110
120
130
140
150
160
170
180
190
200
210
220
230
240
250
260
270
280
290
300
310
320
330
340
350
360
370
380
390
400
410
420
430
440
450
460
470
480
490
500
550
600
650
700
750
800
850
900
950
1000
1050
1100
1150
1200
1250
1300
1350
1400
1450
1500
/projects/slin_prj/PubMed_Experiment/random_100_pubmed_repeats/GraphLab_Outputs/term_binary/53.binary.matrix.svd/out.1500.U.1_of_1
/projects/slin_prj/PubMed_Experiment/random_100_pubmed_repeats/GraphLab_Outputs/term_binary/53.binary.matrix.svd/out.1500.log
/projects/slin_prj/PubMed_Experiment/random_100_pubmed_repeats/all_abstracts/random_pmids_53.neighbors.all
10
20
30
40
50
60
70
80
90
100
110
120
130
140
150
160
170
180
190
200
210
220
230
240
250
260
270
280
290
300
310
320
330
340
350
360
370
380
390
400
410
420
430
440
450
460
470
480
490
500
550
600
650
700
750
800
850
900
950
1000
1050
1100
1150
1200
1250
1300
1350
1400
1450
1500
/projects/slin_prj/PubMed_Experiment/random_100_pubmed_repeats/GraphLab_Outputs/term_binary/54.binary.matrix.svd/out.1500.U.1_of_1
/projects/slin_prj/PubMed_Experiment/random_100_pubmed_repeats/GraphLab_Outputs/term_binary/54.binary.matrix.svd/out.1500.log
/projects/slin_prj/PubMed_Experiment/random_100_pubmed_repeats/all_abstracts/random_pmids_54.neighbors.all
10
20
30
40
50
60
70
80
90
100
110
120
130
140
150
160
170
180
190
200
210
220
230
240
250
260
270
280
290
300
310
320
330
340
350
360
370
380
390
400
410
420
430
440
450
460
470
480
490
500
550
600
650
700
750
800
850
900
950
1000
1050
1100
1150
1200
1250
1300
1350
1400
1450
1500
/projects/slin_prj/PubMed_Experiment/random_100_pubmed_repeats/GraphLab_Outputs/term_binary/55.binary.matrix.svd/out.1500.U.1_of_1
/projects/slin_prj/PubMed_Experiment/random_100_pubmed_repeats/GraphLab_Outputs/term_binary/55.binary.matrix.svd/out.1500.log
/projects/slin_prj/PubMed_Experiment/random_100_pubmed_repeats/all_abstracts/random_pmids_55.neighbors.all
10
20
30
40
50
60
70
80
90
100
110
120
130
140
150
160
170
180
190
200
210
220
230
240
250
260
270
280
290
300
310
320
330
340
350
360
370
380
390
400
410
420
430
440
450
460
470
480
490
500
550
600
650
700
750
800
850
900
950
1000
1050
1100
1150
1200
1250
1300
1350
1400
1450
1500
/projects/slin_prj/PubMed_Experiment/random_100_pubmed_repeats/GraphLab_Outputs/term_binary/56.binary.matrix.svd/out.1500.U.1_of_1
/projects/slin_prj/PubMed_Experiment/random_100_pubmed_repeats/GraphLab_Outputs/term_binary/56.binary.matrix.svd/out.1500.log
/projects/slin_prj/PubMed_Experiment/random_100_pubmed_repeats/all_abstracts/random_pmids_56.neighbors.all
10
20
30
40
50
60
70
80
90
100
110
120
130
140
150
160
170
180
190
200
210
220
230
240
250
260
270
280
290
300
310
320
330
340
350
360
370
380
390
400
410
420
430
440
450
460
470
480
490
500
550
600
650
700
750
800
850
900
950
1000
1050
1100
1150
1200
1250
1300
1350
1400
1450
1500
/projects/slin_prj/PubMed_Experiment/random_100_pubmed_repeats/GraphLab_Outputs/term_binary/57.binary.matrix.svd/out.1500.U.1_of_1
/projects/slin_prj/PubMed_Experiment/random_100_pubmed_repeats/GraphLab_Outputs/term_binary/57.binary.matrix.svd/out.1500.log
/projects/slin_prj/PubMed_Experiment/random_100_pubmed_repeats/all_abstracts/random_pmids_57.neighbors.all
10
20
30
40
50
60
70
80
90
100
110
120
130
140
150
160
170
180
190
200
210
220
230
240
250
260
270
280
290
300
310
320
330
340
350
360
370
380
390
400
410
420
430
440
450
460
470
480
490
500
550
600
650
700
750
800
850
900
950
1000
1050
1100
1150
1200
1250
1300
1350
1400
1450
1500
/projects/slin_prj/PubMed_Experiment/random_100_pubmed_repeats/GraphLab_Outputs/term_binary/58.binary.matrix.svd/out.1500.U.1_of_1
/projects/slin_prj/PubMed_Experiment/random_100_pubmed_repeats/GraphLab_Outputs/term_binary/58.binary.matrix.svd/out.1500.log
/projects/slin_prj/PubMed_Experiment/random_100_pubmed_repeats/all_abstracts/random_pmids_58.neighbors.all
10
20
30
40
50
60
70
80
90
100
110
120
130
140
150
160
170
180
190
200
210
220
230
240
250
260
270
280
290
300
310
320
330
340
350
360
370
380
390
400
410
420
430
440
450
460
470
480
490
500
550
600
650
700
750
800
850
900
950
1000
1050
1100
1150
1200
1250
1300
1350
1400
1450
1500
/projects/slin_prj/PubMed_Experiment/random_100_pubmed_repeats/GraphLab_Outputs/term_binary/59.binary.matrix.svd/out.1500.U.1_of_1
/projects/slin_prj/PubMed_Experiment/random_100_pubmed_repeats/GraphLab_Outputs/term_binary/59.binary.matrix.svd/out.1500.log
/projects/slin_prj/PubMed_Experiment/random_100_pubmed_repeats/all_abstracts/random_pmids_59.neighbors.all
10
20
30
40
50
60
70
80
90
100
110
120
130
140
150
160
170
180
190
200
210
220
230
240
250
260
270
280
290
300
310
320
330
340
350
360
370
380
390
400
410
420
430
440
450
460
470
480
490
500
550
600
650
700
750
800
850
900
950
1000
1050
1100
1150
1200
1250
1300
1350
1400
1450
1500
/projects/slin_prj/PubMed_Experiment/random_100_pubmed_repeats/GraphLab_Outputs/term_binary/5.binary.matrix.svd/out.1500.U.1_of_1
/projects/slin_prj/PubMed_Experiment/random_100_pubmed_repeats/GraphLab_Outputs/term_binary/5.binary.matrix.svd/out.1500.log
/projects/slin_prj/PubMed_Experiment/random_100_pubmed_repeats/all_abstracts/random_pmids_5.neighbors.all
10
20
30
40
50
60
70
80
90
100
110
120
130
140
150
160
170
180
190
200
210
220
230
240
250
260
270
280
290
300
310
320
330
340
350
360
370
380
390
400
410
420
430
440
450
460
470
480
490
500
550
600
650
700
750
800
850
900
950
1000
1050
1100
1150
1200
1250
1300
1350
1400
1450
1500
/projects/slin_prj/PubMed_Experiment/random_100_pubmed_repeats/GraphLab_Outputs/term_binary/60.binary.matrix.svd/out.1500.U.1_of_1
/projects/slin_prj/PubMed_Experiment/random_100_pubmed_repeats/GraphLab_Outputs/term_binary/60.binary.matrix.svd/out.1500.log
/projects/slin_prj/PubMed_Experiment/random_100_pubmed_repeats/all_abstracts/random_pmids_60.neighbors.all
10
20
30
40
50
60
70
80
90
100
110
120
130
140
150
160
170
180
190
200
210
220
230
240
250
260
270
280
290
300
310
320
330
340
350
360
370
380
390
400
410
420
430
440
450
460
470
480
490
500
550
600
650
700
750
800
850
900
950
1000
1050
1100
1150
1200
1250
1300
1350
1400
1450
1500
/projects/slin_prj/PubMed_Experiment/random_100_pubmed_repeats/GraphLab_Outputs/term_binary/61.binary.matrix.svd/out.1500.U.1_of_1
/projects/slin_prj/PubMed_Experiment/random_100_pubmed_repeats/GraphLab_Outputs/term_binary/61.binary.matrix.svd/out.1500.log
/projects/slin_prj/PubMed_Experiment/random_100_pubmed_repeats/all_abstracts/random_pmids_61.neighbors.all
10
20
30
40
50
60
70
80
90
100
110
120
130
140
150
160
170
180
190
200
210
220
230
240
250
260
270
280
290
300
310
320
330
340
350
360
370
380
390
400
410
420
430
440
450
460
470
480
490
500
550
600
650
700
750
800
850
900
950
1000
1050
1100
1150
1200
1250
1300
1350
1400
1450
1500
/projects/slin_prj/PubMed_Experiment/random_100_pubmed_repeats/GraphLab_Outputs/term_binary/62.binary.matrix.svd/out.1500.U.1_of_1
/projects/slin_prj/PubMed_Experiment/random_100_pubmed_repeats/GraphLab_Outputs/term_binary/62.binary.matrix.svd/out.1500.log
/projects/slin_prj/PubMed_Experiment/random_100_pubmed_repeats/all_abstracts/random_pmids_62.neighbors.all
10
20
30
40
50
60
70
80
90
100
110
120
130
140
150
160
170
180
190
200
210
220
230
240
250
260
270
280
290
300
310
320
330
340
350
360
370
380
390
400
410
420
430
440
450
460
470
480
490
500
550
600
650
700
750
800
850
900
950
1000
1050
1100
1150
1200
1250
1300
1350
1400
1450
1500
/projects/slin_prj/PubMed_Experiment/random_100_pubmed_repeats/GraphLab_Outputs/term_binary/63.binary.matrix.svd/out.1500.U.1_of_1
/projects/slin_prj/PubMed_Experiment/random_100_pubmed_repeats/GraphLab_Outputs/term_binary/63.binary.matrix.svd/out.1500.log
/projects/slin_prj/PubMed_Experiment/random_100_pubmed_repeats/all_abstracts/random_pmids_63.neighbors.all
10
20
30
40
50
60
70
80
90
100
110
120
130
140
150
160
170
180
190
200
210
220
230
240
250
260
270
280
290
300
310
320
330
340
350
360
370
380
390
400
410
420
430
440
450
460
470
480
490
500
550
600
650
700
750
800
850
900
950
1000
1050
1100
1150
1200
1250
1300
1350
1400
1450
1500
/projects/slin_prj/PubMed_Experiment/random_100_pubmed_repeats/GraphLab_Outputs/term_binary/64.binary.matrix.svd/out.1500.U.1_of_1
/projects/slin_prj/PubMed_Experiment/random_100_pubmed_repeats/GraphLab_Outputs/term_binary/64.binary.matrix.svd/out.1500.log
/projects/slin_prj/PubMed_Experiment/random_100_pubmed_repeats/all_abstracts/random_pmids_64.neighbors.all
10
20
30
40
50
60
70
80
90
100
110
120
130
140
150
160
170
180
190
200
210
220
230
240
250
260
270
280
290
300
310
320
330
340
350
360
370
380
390
400
410
420
430
440
450
460
470
480
490
500
550
600
650
700
750
800
850
900
950
1000
1050
1100
1150
1200
1250
1300
1350
1400
1450
1500
/projects/slin_prj/PubMed_Experiment/random_100_pubmed_repeats/GraphLab_Outputs/term_binary/66.binary.matrix.svd/out.1500.U.1_of_1
/projects/slin_prj/PubMed_Experiment/random_100_pubmed_repeats/GraphLab_Outputs/term_binary/66.binary.matrix.svd/out.1500.log
/projects/slin_prj/PubMed_Experiment/random_100_pubmed_repeats/all_abstracts/random_pmids_66.neighbors.all
10
20
30
40
50
60
70
80
90
100
110
120
130
140
150
160
170
180
190
200
210
220
230
240
250
260
270
280
290
300
310
320
330
340
350
360
370
380
390
400
410
420
430
440
450
460
470
480
490
500
550
600
650
700
750
800
850
900
950
1000
1050
1100
1150
1200
1250
1300
1350
1400
1450
1500
/projects/slin_prj/PubMed_Experiment/random_100_pubmed_repeats/GraphLab_Outputs/term_binary/67.binary.matrix.svd/out.1500.U.1_of_1
/projects/slin_prj/PubMed_Experiment/random_100_pubmed_repeats/GraphLab_Outputs/term_binary/67.binary.matrix.svd/out.1500.log
/projects/slin_prj/PubMed_Experiment/random_100_pubmed_repeats/all_abstracts/random_pmids_67.neighbors.all
10
20
30
40
50
60
70
80
90
100
110
120
130
140
150
160
170
180
190
200
210
220
230
240
250
260
270
280
290
300
310
320
330
340
350
360
370
380
390
400
410
420
430
440
450
460
470
480
490
500
550
600
650
700
750
800
850
900
950
1000
1050
1100
1150
1200
1250
1300
1350
1400
1450
1500
/projects/slin_prj/PubMed_Experiment/random_100_pubmed_repeats/GraphLab_Outputs/term_binary/68.binary.matrix.svd/out.1500.U.1_of_1
/projects/slin_prj/PubMed_Experiment/random_100_pubmed_repeats/GraphLab_Outputs/term_binary/68.binary.matrix.svd/out.1500.log
/projects/slin_prj/PubMed_Experiment/random_100_pubmed_repeats/all_abstracts/random_pmids_68.neighbors.all
10
20
30
40
50
60
70
80
90
100
110
120
130
140
150
160
170
180
190
200
210
220
230
240
250
260
270
280
290
300
310
320
330
340
350
360
370
380
390
400
410
420
430
440
450
460
470
480
490
500
550
600
650
700
750
800
850
900
950
1000
1050
1100
1150
1200
1250
1300
1350
1400
1450
1500
/projects/slin_prj/PubMed_Experiment/random_100_pubmed_repeats/GraphLab_Outputs/term_binary/69.binary.matrix.svd/out.1500.U.1_of_1
/projects/slin_prj/PubMed_Experiment/random_100_pubmed_repeats/GraphLab_Outputs/term_binary/69.binary.matrix.svd/out.1500.log
/projects/slin_prj/PubMed_Experiment/random_100_pubmed_repeats/all_abstracts/random_pmids_69.neighbors.all
10
20
30
40
50
60
70
80
90
100
110
120
130
140
150
160
170
180
190
200
210
220
230
240
250
260
270
280
290
300
310
320
330
340
350
360
370
380
390
400
410
420
430
440
450
460
470
480
490
500
550
600
650
700
750
800
850
900
950
1000
1050
1100
1150
1200
1250
1300
1350
1400
1450
1500
/projects/slin_prj/PubMed_Experiment/random_100_pubmed_repeats/GraphLab_Outputs/term_binary/6.binary.matrix.svd/out.1500.U.1_of_1
/projects/slin_prj/PubMed_Experiment/random_100_pubmed_repeats/GraphLab_Outputs/term_binary/6.binary.matrix.svd/out.1500.log
/projects/slin_prj/PubMed_Experiment/random_100_pubmed_repeats/all_abstracts/random_pmids_6.neighbors.all
10
20
30
40
50
60
70
80
90
100
110
120
130
140
150
160
170
180
190
200
210
220
230
240
250
260
270
280
290
300
310
320
330
340
350
360
370
380
390
400
410
420
430
440
450
460
470
480
490
500
550
600
650
700
750
800
850
900
950
1000
1050
1100
1150
1200
1250
1300
1350
1400
1450
1500
/projects/slin_prj/PubMed_Experiment/random_100_pubmed_repeats/GraphLab_Outputs/term_binary/70.binary.matrix.svd/out.1500.U.1_of_1
/projects/slin_prj/PubMed_Experiment/random_100_pubmed_repeats/GraphLab_Outputs/term_binary/70.binary.matrix.svd/out.1500.log
/projects/slin_prj/PubMed_Experiment/random_100_pubmed_repeats/all_abstracts/random_pmids_70.neighbors.all
10
20
30
40
50
60
70
80
90
100
110
120
130
140
150
160
170
180
190
200
210
220
230
240
250
260
270
280
290
300
310
320
330
340
350
360
370
380
390
400
410
420
430
440
450
460
470
480
490
500
550
600
650
700
750
800
850
900
950
1000
1050
1100
1150
1200
1250
1300
1350
1400
1450
1500
/projects/slin_prj/PubMed_Experiment/random_100_pubmed_repeats/GraphLab_Outputs/term_binary/71.binary.matrix.svd/out.1500.U.1_of_1
/projects/slin_prj/PubMed_Experiment/random_100_pubmed_repeats/GraphLab_Outputs/term_binary/71.binary.matrix.svd/out.1500.log
/projects/slin_prj/PubMed_Experiment/random_100_pubmed_repeats/all_abstracts/random_pmids_71.neighbors.all
10
20
30
40
50
60
70
80
90
100
110
120
130
140
150
160
170
180
190
200
210
220
230
240
250
260
270
280
290
300
310
320
330
340
350
360
370
380
390
400
410
420
430
440
450
460
470
480
490
500
550
600
650
700
750
800
850
900
950
1000
1050
1100
1150
1200
1250
1300
1350
1400
1450
1500
/projects/slin_prj/PubMed_Experiment/random_100_pubmed_repeats/GraphLab_Outputs/term_binary/72.binary.matrix.svd/out.1500.U.1_of_1
/projects/slin_prj/PubMed_Experiment/random_100_pubmed_repeats/GraphLab_Outputs/term_binary/72.binary.matrix.svd/out.1500.log
/projects/slin_prj/PubMed_Experiment/random_100_pubmed_repeats/all_abstracts/random_pmids_72.neighbors.all
10
20
30
40
50
60
70
80
90
100
110
120
130
140
150
160
170
180
190
200
210
220
230
240
250
260
270
280
290
300
310
320
330
340
350
360
370
380
390
400
410
420
430
440
450
460
470
480
490
500
550
600
650
700
750
800
850
900
950
1000
1050
1100
1150
1200
1250
1300
1350
1400
1450
1500
/projects/slin_prj/PubMed_Experiment/random_100_pubmed_repeats/GraphLab_Outputs/term_binary/73.binary.matrix.svd/out.1500.U.1_of_1
/projects/slin_prj/PubMed_Experiment/random_100_pubmed_repeats/GraphLab_Outputs/term_binary/73.binary.matrix.svd/out.1500.log
/projects/slin_prj/PubMed_Experiment/random_100_pubmed_repeats/all_abstracts/random_pmids_73.neighbors.all
10
20
30
40
50
60
70
80
90
100
110
120
130
140
150
160
170
180
190
200
210
220
230
240
250
260
270
280
290
300
310
320
330
340
350
360
370
380
390
400
410
420
430
440
450
460
470
480
490
500
550
600
650
700
750
800
850
900
950
1000
1050
1100
1150
1200
1250
1300
1350
1400
1450
1500
/projects/slin_prj/PubMed_Experiment/random_100_pubmed_repeats/GraphLab_Outputs/term_binary/74.binary.matrix.svd/out.1500.U.1_of_1
/projects/slin_prj/PubMed_Experiment/random_100_pubmed_repeats/GraphLab_Outputs/term_binary/74.binary.matrix.svd/out.1500.log
/projects/slin_prj/PubMed_Experiment/random_100_pubmed_repeats/all_abstracts/random_pmids_74.neighbors.all
10
20
30
40
50
60
70
80
90
100
110
120
130
140
150
160
170
180
190
200
210
220
230
240
250
260
270
280
290
300
310
320
330
340
350
360
370
380
390
400
410
420
430
440
450
460
470
480
490
500
550
600
650
700
750
800
850
900
950
1000
1050
1100
1150
1200
1250
1300
1350
1400
1450
1500
/projects/slin_prj/PubMed_Experiment/random_100_pubmed_repeats/GraphLab_Outputs/term_binary/75.binary.matrix.svd/out.1500.U.1_of_1
/projects/slin_prj/PubMed_Experiment/random_100_pubmed_repeats/GraphLab_Outputs/term_binary/75.binary.matrix.svd/out.1500.log
/projects/slin_prj/PubMed_Experiment/random_100_pubmed_repeats/all_abstracts/random_pmids_75.neighbors.all
10
20
30
40
50
60
70
80
90
100
110
120
130
140
150
160
170
180
190
200
210
220
230
240
250
260
270
280
290
300
310
320
330
340
350
360
370
380
390
400
410
420
430
440
450
460
470
480
490
500
550
600
650
700
750
800
850
900
950
1000
1050
1100
1150
1200
1250
1300
1350
1400
1450
1500
/projects/slin_prj/PubMed_Experiment/random_100_pubmed_repeats/GraphLab_Outputs/term_binary/76.binary.matrix.svd/out.1500.U.1_of_1
/projects/slin_prj/PubMed_Experiment/random_100_pubmed_repeats/GraphLab_Outputs/term_binary/76.binary.matrix.svd/out.1500.log
/projects/slin_prj/PubMed_Experiment/random_100_pubmed_repeats/all_abstracts/random_pmids_76.neighbors.all
10
20
30
40
50
60
70
80
90
100
110
120
130
140
150
160
170
180
190
200
210
220
230
240
250
260
270
280
290
300
310
320
330
340
350
360
370
380
390
400
410
420
430
440
450
460
470
480
490
500
550
600
650
700
750
800
850
900
950
1000
1050
1100
1150
1200
1250
1300
1350
1400
1450
1500
/projects/slin_prj/PubMed_Experiment/random_100_pubmed_repeats/GraphLab_Outputs/term_binary/77.binary.matrix.svd/out.1500.U.1_of_1
/projects/slin_prj/PubMed_Experiment/random_100_pubmed_repeats/GraphLab_Outputs/term_binary/77.binary.matrix.svd/out.1500.log
/projects/slin_prj/PubMed_Experiment/random_100_pubmed_repeats/all_abstracts/random_pmids_77.neighbors.all
10
20
30
40
50
60
70
80
90
100
110
120
130
140
150
160
170
180
190
200
210
220
230
240
250
260
270
280
290
300
310
320
330
340
350
360
370
380
390
400
410
420
430
440
450
460
470
480
490
500
550
600
650
700
750
800
850
900
950
1000
1050
1100
1150
1200
1250
1300
1350
1400
1450
1500
/projects/slin_prj/PubMed_Experiment/random_100_pubmed_repeats/GraphLab_Outputs/term_binary/78.binary.matrix.svd/out.1500.U.1_of_1
/projects/slin_prj/PubMed_Experiment/random_100_pubmed_repeats/GraphLab_Outputs/term_binary/78.binary.matrix.svd/out.1500.log
/projects/slin_prj/PubMed_Experiment/random_100_pubmed_repeats/all_abstracts/random_pmids_78.neighbors.all
10
20
30
40
50
60
70
80
90
100
110
120
130
140
150
160
170
180
190
200
210
220
230
240
250
260
270
280
290
300
310
320
330
340
350
360
370
380
390
400
410
420
430
440
450
460
470
480
490
500
550
600
650
700
750
800
850
900
950
1000
1050
1100
1150
1200
1250
1300
1350
1400
1450
1500
/projects/slin_prj/PubMed_Experiment/random_100_pubmed_repeats/GraphLab_Outputs/term_binary/79.binary.matrix.svd/out.1500.U.1_of_1
/projects/slin_prj/PubMed_Experiment/random_100_pubmed_repeats/GraphLab_Outputs/term_binary/79.binary.matrix.svd/out.1500.log
/projects/slin_prj/PubMed_Experiment/random_100_pubmed_repeats/all_abstracts/random_pmids_79.neighbors.all
10
20
30
40
50
60
70
80
90
100
110
120
130
140
150
160
170
180
190
200
210
220
230
240
250
260
270
280
290
300
310
320
330
340
350
360
370
380
390
400
410
420
430
440
450
460
470
480
490
500
550
600
650
700
750
800
850
900
950
1000
1050
1100
1150
1200
1250
1300
1350
1400
1450
1500
/projects/slin_prj/PubMed_Experiment/random_100_pubmed_repeats/GraphLab_Outputs/term_binary/7.binary.matrix.svd/out.1500.U.1_of_1
/projects/slin_prj/PubMed_Experiment/random_100_pubmed_repeats/GraphLab_Outputs/term_binary/7.binary.matrix.svd/out.1500.log
/projects/slin_prj/PubMed_Experiment/random_100_pubmed_repeats/all_abstracts/random_pmids_7.neighbors.all
10
20
30
40
50
60
70
80
90
100
110
120
130
140
150
160
170
180
190
200
210
220
230
240
250
260
270
280
290
300
310
320
330
340
350
360
370
380
390
400
410
420
430
440
450
460
470
480
490
500
550
600
650
700
750
800
850
900
950
1000
1050
1100
1150
1200
1250
1300
1350
1400
1450
1500
/projects/slin_prj/PubMed_Experiment/random_100_pubmed_repeats/GraphLab_Outputs/term_binary/80.binary.matrix.svd/out.1500.U.1_of_1
/projects/slin_prj/PubMed_Experiment/random_100_pubmed_repeats/GraphLab_Outputs/term_binary/80.binary.matrix.svd/out.1500.log
/projects/slin_prj/PubMed_Experiment/random_100_pubmed_repeats/all_abstracts/random_pmids_80.neighbors.all
10
20
30
40
50
60
70
80
90
100
110
120
130
140
150
160
170
180
190
200
210
220
230
240
250
260
270
280
290
300
310
320
330
340
350
360
370
380
390
400
410
420
430
440
450
460
470
480
490
500
550
600
650
700
750
800
850
900
950
1000
1050
1100
1150
1200
1250
1300
1350
1400
1450
1500
/projects/slin_prj/PubMed_Experiment/random_100_pubmed_repeats/GraphLab_Outputs/term_binary/81.binary.matrix.svd/out.1500.U.1_of_1
/projects/slin_prj/PubMed_Experiment/random_100_pubmed_repeats/GraphLab_Outputs/term_binary/81.binary.matrix.svd/out.1500.log
/projects/slin_prj/PubMed_Experiment/random_100_pubmed_repeats/all_abstracts/random_pmids_81.neighbors.all
10
20
30
40
50
60
70
80
90
100
110
120
130
140
150
160
170
180
190
200
210
220
230
240
250
260
270
280
290
300
310
320
330
340
350
360
370
380
390
400
410
420
430
440
450
460
470
480
490
500
550
600
650
700
750
800
850
900
950
1000
1050
1100
1150
1200
1250
1300
1350
1400
1450
1500
/projects/slin_prj/PubMed_Experiment/random_100_pubmed_repeats/GraphLab_Outputs/term_binary/82.binary.matrix.svd/out.1500.U.1_of_1
/projects/slin_prj/PubMed_Experiment/random_100_pubmed_repeats/GraphLab_Outputs/term_binary/82.binary.matrix.svd/out.1500.log
/projects/slin_prj/PubMed_Experiment/random_100_pubmed_repeats/all_abstracts/random_pmids_82.neighbors.all
10
20
30
40
50
60
70
80
90
100
110
120
130
140
150
160
170
180
190
200
210
220
230
240
250
260
270
280
290
300
310
320
330
340
350
360
370
380
390
400
410
420
430
440
450
460
470
480
490
500
550
600
650
700
750
800
850
900
950
1000
1050
1100
1150
1200
1250
1300
1350
1400
1450
1500
/projects/slin_prj/PubMed_Experiment/random_100_pubmed_repeats/GraphLab_Outputs/term_binary/83.binary.matrix.svd/out.1500.U.1_of_1
/projects/slin_prj/PubMed_Experiment/random_100_pubmed_repeats/GraphLab_Outputs/term_binary/83.binary.matrix.svd/out.1500.log
/projects/slin_prj/PubMed_Experiment/random_100_pubmed_repeats/all_abstracts/random_pmids_83.neighbors.all
10
20
30
40
50
60
70
80
90
100
110
120
130
140
150
160
170
180
190
200
210
220
230
240
250
260
270
280
290
300
310
320
330
340
350
360
370
380
390
400
410
420
430
440
450
460
470
480
490
500
550
600
650
700
750
800
850
900
950
1000
1050
1100
1150
1200
1250
1300
1350
1400
1450
1500
/projects/slin_prj/PubMed_Experiment/random_100_pubmed_repeats/GraphLab_Outputs/term_binary/84.binary.matrix.svd/out.1500.U.1_of_1
/projects/slin_prj/PubMed_Experiment/random_100_pubmed_repeats/GraphLab_Outputs/term_binary/84.binary.matrix.svd/out.1500.log
/projects/slin_prj/PubMed_Experiment/random_100_pubmed_repeats/all_abstracts/random_pmids_84.neighbors.all
10
20
30
40
50
60
70
80
90
100
110
120
130
140
150
160
170
180
190
200
210
220
230
240
250
260
270
280
290
300
310
320
330
340
350
360
370
380
390
400
410
420
430
440
450
460
470
480
490
500
550
600
650
700
750
800
850
900
950
1000
1050
1100
1150
1200
1250
1300
1350
1400
1450
1500
/projects/slin_prj/PubMed_Experiment/random_100_pubmed_repeats/GraphLab_Outputs/term_binary/85.binary.matrix.svd/out.1500.U.1_of_1
/projects/slin_prj/PubMed_Experiment/random_100_pubmed_repeats/GraphLab_Outputs/term_binary/85.binary.matrix.svd/out.1500.log
/projects/slin_prj/PubMed_Experiment/random_100_pubmed_repeats/all_abstracts/random_pmids_85.neighbors.all
10
20
30
40
50
60
70
80
90
100
110
120
130
140
150
160
170
180
190
200
210
220
230
240
250
260
270
280
290
300
310
320
330
340
350
360
370
380
390
400
410
420
430
440
450
460
470
480
490
500
550
600
650
700
750
800
850
900
950
1000
1050
1100
1150
1200
1250
1300
1350
1400
1450
1500
/projects/slin_prj/PubMed_Experiment/random_100_pubmed_repeats/GraphLab_Outputs/term_binary/86.binary.matrix.svd/out.1500.U.1_of_1
/projects/slin_prj/PubMed_Experiment/random_100_pubmed_repeats/GraphLab_Outputs/term_binary/86.binary.matrix.svd/out.1500.log
/projects/slin_prj/PubMed_Experiment/random_100_pubmed_repeats/all_abstracts/random_pmids_86.neighbors.all
10
20
30
40
50
60
70
80
90
100
110
120
130
140
150
160
170
180
190
200
210
220
230
240
250
260
270
280
290
300
310
320
330
340
350
360
370
380
390
400
410
420
430
440
450
460
470
480
490
500
550
600
650
700
750
800
850
900
950
1000
1050
1100
1150
1200
1250
1300
1350
1400
1450
1500
/projects/slin_prj/PubMed_Experiment/random_100_pubmed_repeats/GraphLab_Outputs/term_binary/87.binary.matrix.svd/out.1500.U.1_of_1
/projects/slin_prj/PubMed_Experiment/random_100_pubmed_repeats/GraphLab_Outputs/term_binary/87.binary.matrix.svd/out.1500.log
/projects/slin_prj/PubMed_Experiment/random_100_pubmed_repeats/all_abstracts/random_pmids_87.neighbors.all
10
20
30
40
50
60
70
80
90
100
110
120
130
140
150
160
170
180
190
200
210
220
230
240
250
260
270
280
290
300
310
320
330
340
350
360
370
380
390
400
410
420
430
440
450
460
470
480
490
500
550
600
650
700
750
800
850
900
950
1000
1050
1100
1150
1200
1250
1300
1350
1400
1450
1500
/projects/slin_prj/PubMed_Experiment/random_100_pubmed_repeats/GraphLab_Outputs/term_binary/88.binary.matrix.svd/out.1500.U.1_of_1
/projects/slin_prj/PubMed_Experiment/random_100_pubmed_repeats/GraphLab_Outputs/term_binary/88.binary.matrix.svd/out.1500.log
/projects/slin_prj/PubMed_Experiment/random_100_pubmed_repeats/all_abstracts/random_pmids_88.neighbors.all
10
20
30
40
50
60
70
80
90
100
110
120
130
140
150
160
170
180
190
200
210
220
230
240
250
260
270
280
290
300
310
320
330
340
350
360
370
380
390
400
410
420
430
440
450
460
470
480
490
500
550
600
650
700
750
800
850
900
950
1000
1050
1100
1150
1200
1250
1300
1350
1400
1450
1500
/projects/slin_prj/PubMed_Experiment/random_100_pubmed_repeats/GraphLab_Outputs/term_binary/89.binary.matrix.svd/out.1500.U.1_of_1
/projects/slin_prj/PubMed_Experiment/random_100_pubmed_repeats/GraphLab_Outputs/term_binary/89.binary.matrix.svd/out.1500.log
/projects/slin_prj/PubMed_Experiment/random_100_pubmed_repeats/all_abstracts/random_pmids_89.neighbors.all
10
20
30
40
50
60
70
80
90
100
110
120
130
140
150
160
170
180
190
200
210
220
230
240
250
260
270
280
290
300
310
320
330
340
350
360
370
380
390
400
410
420
430
440
450
460
470
480
490
500
550
600
650
700
750
800
850
900
950
1000
1050
1100
1150
1200
1250
1300
1350
1400
1450
1500
/projects/slin_prj/PubMed_Experiment/random_100_pubmed_repeats/GraphLab_Outputs/term_binary/8.binary.matrix.svd/out.1500.U.1_of_1
/projects/slin_prj/PubMed_Experiment/random_100_pubmed_repeats/GraphLab_Outputs/term_binary/8.binary.matrix.svd/out.1500.log
/projects/slin_prj/PubMed_Experiment/random_100_pubmed_repeats/all_abstracts/random_pmids_8.neighbors.all
10
20
30
40
50
60
70
80
90
100
110
120
130
140
150
160
170
180
190
200
210
220
230
240
250
260
270
280
290
300
310
320
330
340
350
360
370
380
390
400
410
420
430
440
450
460
470
480
490
500
550
600
650
700
750
800
850
900
950
1000
1050
1100
1150
1200
1250
1300
1350
1400
1450
1500
/projects/slin_prj/PubMed_Experiment/random_100_pubmed_repeats/GraphLab_Outputs/term_binary/90.binary.matrix.svd/out.1500.U.1_of_1
/projects/slin_prj/PubMed_Experiment/random_100_pubmed_repeats/GraphLab_Outputs/term_binary/90.binary.matrix.svd/out.1500.log
/projects/slin_prj/PubMed_Experiment/random_100_pubmed_repeats/all_abstracts/random_pmids_90.neighbors.all
10
20
30
40
50
60
70
80
90
100
110
120
130
140
150
160
170
180
190
200
210
220
230
240
250
260
270
280
290
300
310
320
330
340
350
360
370
380
390
400
410
420
430
440
450
460
470
480
490
500
550
600
650
700
750
800
850
900
950
1000
1050
1100
1150
1200
1250
1300
1350
1400
1450
1500
/projects/slin_prj/PubMed_Experiment/random_100_pubmed_repeats/GraphLab_Outputs/term_binary/91.binary.matrix.svd/out.1500.U.1_of_1
/projects/slin_prj/PubMed_Experiment/random_100_pubmed_repeats/GraphLab_Outputs/term_binary/91.binary.matrix.svd/out.1500.log
/projects/slin_prj/PubMed_Experiment/random_100_pubmed_repeats/all_abstracts/random_pmids_91.neighbors.all
10
20
30
40
50
60
70
80
90
100
110
120
130
140
150
160
170
180
190
200
210
220
230
240
250
260
270
280
290
300
310
320
330
340
350
360
370
380
390
400
410
420
430
440
450
460
470
480
490
500
550
600
650
700
750
800
850
900
950
1000
1050
1100
1150
1200
1250
1300
1350
1400
1450
1500
/projects/slin_prj/PubMed_Experiment/random_100_pubmed_repeats/GraphLab_Outputs/term_binary/92.binary.matrix.svd/out.1500.U.1_of_1
/projects/slin_prj/PubMed_Experiment/random_100_pubmed_repeats/GraphLab_Outputs/term_binary/92.binary.matrix.svd/out.1500.log
/projects/slin_prj/PubMed_Experiment/random_100_pubmed_repeats/all_abstracts/random_pmids_92.neighbors.all
10
20
30
40
50
60
70
80
90
100
110
120
130
140
150
160
170
180
190
200
210
220
230
240
250
260
270
280
290
300
310
320
330
340
350
360
370
380
390
400
410
420
430
440
450
460
470
480
490
500
550
600
650
700
750
800
850
900
950
1000
1050
1100
1150
1200
1250
1300
1350
1400
1450
1500
/projects/slin_prj/PubMed_Experiment/random_100_pubmed_repeats/GraphLab_Outputs/term_binary/93.binary.matrix.svd/out.1500.U.1_of_1
/projects/slin_prj/PubMed_Experiment/random_100_pubmed_repeats/GraphLab_Outputs/term_binary/93.binary.matrix.svd/out.1500.log
/projects/slin_prj/PubMed_Experiment/random_100_pubmed_repeats/all_abstracts/random_pmids_93.neighbors.all
10
20
30
40
50
60
70
80
90
100
110
120
130
140
150
160
170
180
190
200
210
220
230
240
250
260
270
280
290
300
310
320
330
340
350
360
370
380
390
400
410
420
430
440
450
460
470
480
490
500
550
600
650
700
750
800
850
900
950
1000
1050
1100
1150
1200
1250
1300
1350
1400
1450
1500
/projects/slin_prj/PubMed_Experiment/random_100_pubmed_repeats/GraphLab_Outputs/term_binary/95.binary.matrix.svd/out.1500.U.1_of_1
/projects/slin_prj/PubMed_Experiment/random_100_pubmed_repeats/GraphLab_Outputs/term_binary/95.binary.matrix.svd/out.1500.log
/projects/slin_prj/PubMed_Experiment/random_100_pubmed_repeats/all_abstracts/random_pmids_95.neighbors.all
10
20
30
40
50
60
70
80
90
100
110
120
130
140
150
160
170
180
190
200
210
220
230
240
250
260
270
280
290
300
310
320
330
340
350
360
370
380
390
400
410
420
430
440
450
460
470
480
490
500
550
600
650
700
750
800
850
900
950
1000
1050
1100
1150
1200
1250
1300
1350
1400
1450
1500
/projects/slin_prj/PubMed_Experiment/random_100_pubmed_repeats/GraphLab_Outputs/term_binary/96.binary.matrix.svd/out.1500.U.1_of_1
/projects/slin_prj/PubMed_Experiment/random_100_pubmed_repeats/GraphLab_Outputs/term_binary/96.binary.matrix.svd/out.1500.log
/projects/slin_prj/PubMed_Experiment/random_100_pubmed_repeats/all_abstracts/random_pmids_96.neighbors.all
10
20
30
40
50
60
70
80
90
100
110
120
130
140
150
160
170
180
190
200
210
220
230
240
250
260
270
280
290
300
310
320
330
340
350
360
370
380
390
400
410
420
430
440
450
460
470
480
490
500
550
600
650
700
750
800
850
900
950
1000
1050
1100
1150
1200
1250
1300
1350
1400
1450
1500
/projects/slin_prj/PubMed_Experiment/random_100_pubmed_repeats/GraphLab_Outputs/term_binary/97.binary.matrix.svd/out.1500.U.1_of_1
/projects/slin_prj/PubMed_Experiment/random_100_pubmed_repeats/GraphLab_Outputs/term_binary/97.binary.matrix.svd/out.1500.log
/projects/slin_prj/PubMed_Experiment/random_100_pubmed_repeats/all_abstracts/random_pmids_97.neighbors.all
10
20
30
40
50
60
70
80
90
100
110
120
130
140
150
160
170
180
190
200
210
220
230
240
250
260
270
280
290
300
310
320
330
340
350
360
370
380
390
400
410
420
430
440
450
460
470
480
490
500
550
600
650
700
750
800
850
900
950
1000
1050
1100
1150
1200
1250
1300
1350
1400
1450
1500
/projects/slin_prj/PubMed_Experiment/random_100_pubmed_repeats/GraphLab_Outputs/term_binary/98.binary.matrix.svd/out.1500.U.1_of_1
/projects/slin_prj/PubMed_Experiment/random_100_pubmed_repeats/GraphLab_Outputs/term_binary/98.binary.matrix.svd/out.1500.log
/projects/slin_prj/PubMed_Experiment/random_100_pubmed_repeats/all_abstracts/random_pmids_98.neighbors.all
10
20
30
40
50
60
70
80
90
100
110
120
130
140
150
160
170
180
190
200
210
220
230
240
250
260
270
280
290
300
310
320
330
340
350
360
370
380
390
400
410
420
430
440
450
460
470
480
490
500
550
600
650
700
750
800
850
900
950
1000
1050
1100
1150
1200
1250
1300
1350
1400
1450
1500
/projects/slin_prj/PubMed_Experiment/random_100_pubmed_repeats/GraphLab_Outputs/term_binary/99.binary.matrix.svd/out.1500.U.1_of_1
/projects/slin_prj/PubMed_Experiment/random_100_pubmed_repeats/GraphLab_Outputs/term_binary/99.binary.matrix.svd/out.1500.log
/projects/slin_prj/PubMed_Experiment/random_100_pubmed_repeats/all_abstracts/random_pmids_99.neighbors.all
10
20
30
40
50
60
70
80
90
100
110
120
130
140
150
160
170
180
190
200
210
220
230
240
250
260
270
280
290
300
310
320
330
340
350
360
370
380
390
400
410
420
430
440
450
460
470
480
490
500
550
600
650
700
750
800
850
900
950
1000
1050
1100
1150
1200
1250
1300
1350
1400
1450
1500
/projects/slin_prj/PubMed_Experiment/random_100_pubmed_repeats/GraphLab_Outputs/term_binary/9.binary.matrix.svd/out.1500.U.1_of_1
/projects/slin_prj/PubMed_Experiment/random_100_pubmed_repeats/GraphLab_Outputs/term_binary/9.binary.matrix.svd/out.1500.log
/projects/slin_prj/PubMed_Experiment/random_100_pubmed_repeats/all_abstracts/random_pmids_9.neighbors.all
10
20
30
40
50
60
70
80
90
100
110
120
130
140
150
160
170
180
190
200
210
220
230
240
250
260
270
280
290
300
310
320
330
340
350
360
370
380
390
400
410
420
430
440
450
460
470
480
490
500
550
600
650
700
750
800
850
900
950
1000
1050
1100
1150
1200
1250
1300
1350
1400
1450
1500
